
ROM used: 15508 (24%)
          15508 (24%) including unused fragments

          3 Average locations per line
          15 Average locations per statement

RAM used: 1375 (35%) at main() level
          1477 (38%) worst case

Stack used: 9 worst case (out of 31 total available)

Lines Stmts  %   Files
----- ----- ---  -----
   99    15   1  main.c
   29     0   0  main.h
   43     0   0  pic-ssx32.h
  493     0   0  C:\Program Files (x86)\PICC\Devices\18F46K20.h
  409     0   0  C:\Program Files (x86)\PICC\Drivers\string.h
   32     0   0  C:\Program Files (x86)\PICC\Drivers\stddef.h
   28     0   0  C:\Program Files (x86)\PICC\Drivers\ctype.h
 1273   359  36  C:\Program Files (x86)\PICC\Drivers\stdlib.h
 2182   260  26  C:\Program Files (x86)\PICC\Drivers\math.h
  108     0   0  defines.h
   35     0   0  _build.c
   50     0   0  pins.h
   44     0   0  globals.h
  177    71   7  functions.c
   22     6   1  error.c
  149    50   5  eeprom.c
   38    10   1  firstuse.c
  150    57   6  serial.c
  285   125  12  input.c
   62    19   2  frame.c
   77    38   4  boot.c
----- -----
 5785  1010 Total

Page ROM  %  RAM   Vol Diff  Functions:
---- --- --- ---   --- ----  ----------
0     42   0   1             @delay_ms1
0    120   0   5   231  6.6  strcmp
0     80   0   2             @MUL88
0     86   0   6             @MULS1616
0    246   1  11             @MULFF
0     54   0   2             @ITOF
0    632   2  16             @ADDFF
0    352   1  14             @DIVFF
0    420   1   9  1815 10.5  atoi
0    498   2  11  1817 10.4  atol
0     72   0   5             @DIV1616
0     34   0   5             @MUL1616
0    124   0  10             @FLT
0     60   0   4             @SFTOI
0     82   0   2             @SITOF
0    914   3  50  1168  9.9  cos
0     80   0   8    44  1.9  sin
0     80   0   0             @const467
0    518   2   5   290  4.3  boundsCheck
0   1388   4   7   913  6.3  servoUpdateStep
0   1592   5   7  1377  7.3  servoCalcTimeOuts
0    318   1   7   656  7.5  servoSort
0     72   0   6   197  4.5  retDelta
0     96   0  12   160  3.9  retStepOverTime
0     34   0   0   127  1.5  error_serOverflow
0    126   0   8   136  3.1  ee_readHomePW
0    130   0   9   294  4.5  ee_writeHomePW
0    126   0   8   136  3.1  ee_readOffsetPW
0    130   0   9   294  4.5  ee_writeOffsetPW
0    130   0   9   294  4.5  ee_writeMinPW
0    130   0   9   294  4.5  ee_writeMaxPW
0    758   2   3   813  5.8  ee_writeServoData
0    126   0   1   247  3.7  setupFirstUse
0     40   0   2    53  1.4  firstUse
0    104   0   3   375  5.1  isr_serRx_ttls0
0     18   0   0    86  2.1  serFlushFifo_ttls0
0     30   0   1    98  2.9  serIsChrReady_ttls0
0     24   0   1    98  2.9  serIsStrReady_ttls0
0    100   0   5   319  6.7  serGetChr_ttls0
0     90   0   4   392  5.5  serGetStr_ttls0
0     94   0   4   256  4.2  shiftParam
0   2762   9  16  4132 10.9  parseSubStr
0    106   0   4   384  5.6  getSubStr
0    330   1   5   826  5.2  parseInput
0     24   0   0             @const596
0     38   0   2             @PSTRINGR_9600_31766_31767
0      8   0   0             @const602
0     36   0   2             @PSTRINGC_9600_31766_31767
0     44   0   3             @DIV88
0    128   0   2             @PRINTF_U_9600_31766_31767
0     14   0   1    45  1.7  procInput
0    292   1   8   433  6.2  outputGroup
0     66   0   6             @WRITEBITA
0    114   0   0   253  1.9  outputFrame
0   1094   4   3  1798  6.4  boot
0    132   0   2   196  3.4  MAIN

Program metrics:
    Functions               36
    Statements              1010
    Comments                1805
    Volume (V)              36319
    Difficilty (D)          181.3
    Effort to implement (E) 6583342
    Time to implement (T)   101 hours, 36 minutes
    Est Delivered Bugs (B)  12
    Cyclomatic Complexity   94
    Maintainability (MI)    30

 Segment     Used  Free
-----------  ----  ----
00000-00002     4  0  
00004-00006     0  4  
00008-000AC   166  0  
000AE-0FFFE  15338  50024  



